#
# A fatal error has been detected by the Java Runtime Environment:
#
#  SIGSEGV (0xb) at pc=0x00007fb0bfbcaea1, pid=27784, tid=27800
#
# JRE version: OpenJDK Runtime Environment (11.0.6+10) (build 11.0.6+10-post-Debian-1deb10u1)
# Java VM: OpenJDK 64-Bit Server VM (11.0.6+10-post-Debian-1deb10u1, mixed mode, sharing, tiered, compressed oops, g1 gc, linux-amd64)
# Problematic frame:
# C  [libjimage.so+0x2ea1]
#
# No core dump will be written. Core dumps have been disabled. To enable core dumping, try "ulimit -c unlimited" before starting Java again
#
# If you would like to submit a bug report, please visit:
#   https://bugs.debian.org/openjdk-11
#

---------------  S U M M A R Y ------------

Command Line: -agentlib:jdwp=transport=dt_socket,suspend=y,address=localhost:45403 -javaagent:/home/wael/eclipse/java-2019-09/eclipse/configuration/org.eclipse.osgi/909/0/.cp/lib/javaagent-shaded.jar -Dfile.encoding=UTF-8 ya.java.effective.HQ_MoneyService.HQ_MoneyService

Host: Intel(R) Core(TM) i5-4210U CPU @ 1.70GHz, 4 cores, 7G, Debian GNU/Linux 10 (buster)
Time: Wed Apr 29 09:08:21 2020 CEST elapsed time: 7361 seconds (0d 2h 2m 41s)

---------------  T H R E A D  ---------------

Current thread (0x00007fb0b817e000):  JavaThread "Signal Dispatcher" daemon [_thread_in_vm, id=27800, stack(0x00007fb07bc1a000,0x00007fb07bd1b000)]

Stack: [0x00007fb07bc1a000,0x00007fb07bd1b000],  sp=0x00007fb07bd181a0,  free space=1016k
Native frames: (J=compiled Java code, A=aot compiled Java code, j=interpreted, Vv=VM code, C=native code)
C  [libjimage.so+0x2ea1]
C  [libjimage.so+0x3b1a]
C  [libjimage.so+0x3fe5]  JIMAGE_FindResource+0xd5
V  [libjvm.so+0x567def]
V  [libjvm.so+0x56a08b]
V  [libjvm.so+0xc8e62c]
V  [libjvm.so+0xc8d262]
V  [libjvm.so+0xc8f766]
V  [libjvm.so+0x60eacd]
V  [libjvm.so+0x7efefa]
j  jdk.internal.misc.Signal.dispatch(I)V+25 java.base@11.0.6
v  ~StubRoutines::call_stub
V  [libjvm.so+0x7f8991]
V  [libjvm.so+0x7f7800]
V  [libjvm.so+0xb250c1]
V  [libjvm.so+0xcc48e4]
V  [libjvm.so+0xcc4be0]
V  [libjvm.so+0xcc0894]
V  [libjvm.so+0xb3511e]

Java frames: (J=compiled Java code, j=interpreted, Vv=VM code)
j  jdk.internal.misc.Signal.dispatch(I)V+25 java.base@11.0.6
v  ~StubRoutines::call_stub

siginfo: si_signo: 11 (SIGSEGV), si_code: 1 (SEGV_MAPERR), si_addr: 0x00007fb0af91bdf8

Register to memory mapping:

RAX=0x0000000000002f77 is an unknown value
RBX=0x00007fb07bd18251 is pointing into the stack for thread: 0x00007fb0b817e000
RCX=0x00007fb0af91001c is an unknown value
RDX=0x0000000000002f77 is an unknown value
RSP=0x00007fb07bd181a0 is pointing into the stack for thread: 0x00007fb0b817e000
RBP=0x00007fb07bd181c0 is pointing into the stack for thread: 0x00007fb0b817e000
RSI=0x00007fb07bd18250 is pointing into the stack for thread: 0x00007fb0b817e000
RDI=0x00007fb0bfbd0130: <offset 0x0000000000008130> in /usr/lib/jvm/java-11-openjdk-amd64/lib/libjimage.so at 0x00007fb0bfbc8000
R8 =0x0 is NULL
R9 =0x0000000076100fa4 is an unknown value
R10=0x00007fb07bd18273 is pointing into the stack for thread: 0x00007fb0b817e000
R11=0x00007fb0c130db60: <offset 0x000000000017cb60> in /lib/x86_64-linux-gnu/libc.so.6 at 0x00007fb0c1191000
R12=0x00007fb07bd18250 is pointing into the stack for thread: 0x00007fb0b817e000
R13=0x00000000000083a0 is an unknown value
R14=0x00007fb07bd192e8 is pointing into the stack for thread: 0x00007fb0b817e000
R15=0x00007fb0b817e990 points into unknown readable memory: 6a 64 6b 2f 69 6e 74 65


Registers:
RAX=0x0000000000002f77, RBX=0x00007fb07bd18251, RCX=0x00007fb0af91001c, RDX=0x0000000000002f77
RSP=0x00007fb07bd181a0, RBP=0x00007fb07bd181c0, RSI=0x00007fb07bd18250, RDI=0x00007fb0bfbd0130
R8 =0x0000000000000000, R9 =0x0000000076100fa4, R10=0x00007fb07bd18273, R11=0x00007fb0c130db60
R12=0x00007fb07bd18250, R13=0x00000000000083a0, R14=0x00007fb07bd192e8, R15=0x00007fb0b817e990
RIP=0x00007fb0bfbcaea1, EFLAGS=0x0000000000010246, CSGSFS=0x002b000000000033, ERR=0x0000000000000004
  TRAPNO=0x000000000000000e

Top of Stack: (sp=0x00007fb07bd181a0)
0x00007fb07bd181a0:   0000000000000000 00007fb0b8022960
0x00007fb07bd181b0:   0000000000000000 00007fb07bd18250
0x00007fb07bd181c0:   00007fb07bd18230 00007fb0bfbcbb1a
0x00007fb07bd181d0:   0000000000000000 0000000000000000 

Instructions: (pc=0x00007fb0bfbcaea1)
0x00007fb0bfbcada1:   48 89 df 48 89 4d 88 e8 83 f3 ff ff 48 8b 4d 88
0x00007fb0bfbcadb1:   44 03 6d 90 e9 42 fd ff ff 66 0f 1f 44 00 00 8b
0x00007fb0bfbcadc1:   08 41 89 0e 44 89 c1 8b 74 08 fc 41 89 74 0e fc
0x00007fb0bfbcadd1:   e9 d8 fe ff ff 66 2e 0f 1f 84 00 00 00 00 00 b9
0x00007fb0bfbcade1:   0a 00 00 00 e9 95 fd ff ff 44 89 c1 0f b7 74 08
0x00007fb0bfbcadf1:   fe 66 41 89 74 0e fe e9 b1 fe ff ff 0f 1f 00 0f
0x00007fb0bfbcae01:   b6 17 89 f1 4c 8d 47 01 84 d2 74 1a 0f 1f 00 69
0x00007fb0bfbcae11:   c9 93 01 00 01 49 83 c0 01 31 d1 41 0f b6 50 ff
0x00007fb0bfbcae21:   84 d2 75 eb 89 ce 89 f0 25 ff ff ff 7f c3 90 48
0x00007fb0bfbcae31:   85 d2 0f 84 e1 00 00 00 85 c9 0f 84 d9 00 00 00
0x00007fb0bfbcae41:   55 48 89 e5 41 55 41 54 53 48 8d 5e 01 48 83 ec
0x00007fb0bfbcae51:   08 44 0f b6 06 45 84 c0 0f 84 b1 00 00 00 49 89
0x00007fb0bfbcae61:   da b8 93 01 00 01 66 0f 1f 84 00 00 00 00 00 44
0x00007fb0bfbcae71:   69 c8 93 01 00 01 49 83 c2 01 41 0f b6 c0 45 0f
0x00007fb0bfbcae81:   b6 42 ff 44 31 c8 45 84 c0 75 e4 25 ff ff ff 7f
0x00007fb0bfbcae91:   41 89 cd 48 89 d1 31 d2 49 89 f4 41 f7 f5 89 d0
0x00007fb0bfbcaea1:   8b 34 81 48 8b 07 ff 50 20 85 c0 7f 22 ba ff ff
0x00007fb0bfbcaeb1:   ff ff 74 04 f7 d0 89 c2 48 83 c4 08 89 d0 5b 41
0x00007fb0bfbcaec1:   5c 41 5d 5d c3 66 2e 0f 1f 84 00 00 00 00 00 41
0x00007fb0bfbcaed1:   0f b6 34 24 89 c7 40 84 f6 74 1b 0f 1f 40 00 69
0x00007fb0bfbcaee1:   ff 93 01 00 01 48 83 c3 01 31 f7 0f b6 73 ff 40
0x00007fb0bfbcaef1:   84 f6 75 eb 89 f8 25 ff ff ff 7f 31 d2 48 83 c4
0x00007fb0bfbcaf01:   08 41 f7 f5 5b 41 5c 41 5d 5d 89 d0 c3 66 90 b8
0x00007fb0bfbcaf11:   93 01 00 01 e9 77 ff ff ff 83 ca ff 89 d0 c3 0f
0x00007fb0bfbcaf21:   b6 17 48 89 f8 84 d2 75 19 eb 1e 0f 1f 40 00 38
0x00007fb0bfbcaf31:   ca 75 1c 48 83 c0 01 0f b6 10 48 83 c6 01 84 d2
0x00007fb0bfbcaf41:   74 15 0f b6 0e 84 c9 75 e6 c3 0f 1f 44 00 00 31
0x00007fb0bfbcaf51:   c0 c3 0f 1f 44 00 00 c3 90 66 0f 1f 44 00 00 48
0x00007fb0bfbcaf61:   85 f6 74 5a 0f b6 06 84 c0 74 54 0f 1f 40 00 0f
0x00007fb0bfbcaf71:   b6 d0 83 e0 07 c1 fa 03 44 8d 50 01 0f b6 c0 41
0x00007fb0bfbcaf81:   89 d1 4c 8d 44 06 02 48 8d 56 01 31 c0 66 90 0f
0x00007fb0bfbcaf91:   b6 0a 48 c1 e0 08 48 83 c2 01 48 09 c8 49 39 d0 


Stack slot to memory mapping:
stack at sp + 0 slots: 0x0 is NULL
stack at sp + 1 slots: 0x00007fb0b8022960 points into unknown readable memory: 00 00 00 00 00 00 00 00
stack at sp + 2 slots: 0x0 is NULL
stack at sp + 3 slots: 0x00007fb07bd18250 is pointing into the stack for thread: 0x00007fb0b817e000
stack at sp + 4 slots: 0x00007fb07bd18230 is pointing into the stack for thread: 0x00007fb0b817e000
stack at sp + 5 slots: 0x00007fb0bfbcbb1a: <offset 0x0000000000003b1a> in /usr/lib/jvm/java-11-openjdk-amd64/lib/libjimage.so at 0x00007fb0bfbc8000
stack at sp + 6 slots: 0x0 is NULL
stack at sp + 7 slots: 0x0 is NULL


---------------  P R O C E S S  ---------------

Threads class SMR info:
_java_thread_list=0x00007fb054002490, length=11, elements={
0x00007fb0b8016000, 0x00007fb0b8176800, 0x00007fb0b8178800, 0x00007fb0b817e000,
0x00007fb0b8180000, 0x00007fb0b8182000, 0x00007fb0b8184000, 0x00007fb0b81a2000,
0x00007fb0b81e3800, 0x00007fb0b81e7000, 0x00007fb0b828e800
}

Java Threads: ( => current thread )
  0x00007fb0b8016000 JavaThread "main" [_thread_blocked, id=27791, stack(0x00007fb0bfc4f000,0x00007fb0bfd50000)]
  0x00007fb0b8176800 JavaThread "Reference Handler" daemon [_thread_blocked, id=27798, stack(0x00007fb0a000f000,0x00007fb0a0110000)]
  0x00007fb0b8178800 JavaThread "Finalizer" daemon [_thread_blocked, id=27799, stack(0x00007fb098017000,0x00007fb098118000)]
=>0x00007fb0b817e000 JavaThread "Signal Dispatcher" daemon [_thread_in_vm, id=27800, stack(0x00007fb07bc1a000,0x00007fb07bd1b000)]
  0x00007fb0b8180000 JavaThread "C2 CompilerThread0" daemon [_thread_blocked, id=27801, stack(0x00007fb07bb19000,0x00007fb07bc1a000)]
  0x00007fb0b8182000 JavaThread "C1 CompilerThread0" daemon [_thread_blocked, id=27802, stack(0x00007fb07ba18000,0x00007fb07bb19000)]
  0x00007fb0b8184000 JavaThread "Sweeper thread" daemon [_thread_blocked, id=27803, stack(0x00007fb07b917000,0x00007fb07ba18000)]
  0x00007fb0b81a2000 JavaThread "Common-Cleaner" daemon [_thread_blocked, id=27804, stack(0x00007fb07b816000,0x00007fb07b917000)]
  0x00007fb0b81e3800 JavaThread "JDWP Transport Listener: dt_socket" daemon [_thread_in_native, id=27806, stack(0x00007fb07b715000,0x00007fb07b816000)]
  0x00007fb0b81e7000 JavaThread "JDWP Event Helper Thread" daemon [_thread_blocked, id=27809, stack(0x00007fb07b614000,0x00007fb07b715000)]
  0x00007fb0b828e800 JavaThread "Service Thread" daemon [_thread_blocked, id=27812, stack(0x00007fb07b3f9000,0x00007fb07b4fa000)]

Other Threads:
  0x00007fb0b8173800 VMThread "VM Thread" [stack: 0x00007fb0bc014000,0x00007fb0bc114000] [id=27797]
  0x00007fb0b8290800 WatcherThread [stack: 0x00007fb07b2f9000,0x00007fb07b3f9000] [id=27813]
  0x00007fb0b802e000 GCTaskThread "GC Thread#0" [stack: 0x00007fb0bf8c3000,0x00007fb0bf9c3000] [id=27792]
  0x00007fb0b805f800 ConcurrentGCThread "G1 Main Marker" [stack: 0x00007fb0bc8fc000,0x00007fb0bc9fc000] [id=27793]
  0x00007fb0b8061800 ConcurrentGCThread "G1 Conc#0" [stack: 0x00007fb0bc7fa000,0x00007fb0bc8fa000] [id=27794]
  0x00007fb0b80d9800 ConcurrentGCThread "G1 Refine#0" [stack: 0x00007fb0bc2f4000,0x00007fb0bc3f4000] [id=27795]
  0x00007fb0b80db000 ConcurrentGCThread "G1 Young RemSet Sampling" [stack: 0x00007fb0bc1f2000,0x00007fb0bc2f2000] [id=27796]

Threads with active compile tasks:

VM state:not at safepoint (normal execution)

VM Mutex/Monitor currently owned by a thread: None

Heap address: 0x0000000084600000, size: 1978 MB, Compressed Oops mode: 32-bit
Narrow klass base: 0x0000000800000000, Narrow klass shift: 3
Compressed class space size: 1073741824 Address: 0x0000000840000000

Heap:
 garbage-first heap   total 129024K, used 6852K [0x0000000084600000, 0x0000000100000000)
  region size 1024K, 8 young (8192K), 0 survivors (0K)
 Metaspace       used 3480K, capacity 5195K, committed 5376K, reserved 1056768K
  class space    used 327K, capacity 477K, committed 512K, reserved 1048576K
Heap Regions: E=young(eden), S=young(survivor), O=old, HS=humongous(starts), HC=humongous(continues), CS=collection set, F=free, A=archive, TAMS=top-at-mark-start (previous, next)
|   0|0x0000000084600000, 0x0000000084600000, 0x0000000084700000|  0%| F|  |TAMS 0x0000000084600000, 0x0000000084600000| Untracked 
|   1|0x0000000084700000, 0x0000000084700000, 0x0000000084800000|  0%| F|  |TAMS 0x0000000084700000, 0x0000000084700000| Untracked 
|   2|0x0000000084800000, 0x0000000084800000, 0x0000000084900000|  0%| F|  |TAMS 0x0000000084800000, 0x0000000084800000| Untracked 
|   3|0x0000000084900000, 0x0000000084900000, 0x0000000084a00000|  0%| F|  |TAMS 0x0000000084900000, 0x0000000084900000| Untracked 
|   4|0x0000000084a00000, 0x0000000084a00000, 0x0000000084b00000|  0%| F|  |TAMS 0x0000000084a00000, 0x0000000084a00000| Untracked 
|   5|0x0000000084b00000, 0x0000000084b00000, 0x0000000084c00000|  0%| F|  |TAMS 0x0000000084b00000, 0x0000000084b00000| Untracked 
|   6|0x0000000084c00000, 0x0000000084c00000, 0x0000000084d00000|  0%| F|  |TAMS 0x0000000084c00000, 0x0000000084c00000| Untracked 
|   7|0x0000000084d00000, 0x0000000084d00000, 0x0000000084e00000|  0%| F|  |TAMS 0x0000000084d00000, 0x0000000084d00000| Untracked 
|   8|0x0000000084e00000, 0x0000000084e00000, 0x0000000084f00000|  0%| F|  |TAMS 0x0000000084e00000, 0x0000000084e00000| Untracked 
|   9|0x0000000084f00000, 0x0000000084f00000, 0x0000000085000000|  0%| F|  |TAMS 0x0000000084f00000, 0x0000000084f00000| Untracked 
|  10|0x0000000085000000, 0x0000000085000000, 0x0000000085100000|  0%| F|  |TAMS 0x0000000085000000, 0x0000000085000000| Untracked 
|  11|0x0000000085100000, 0x0000000085100000, 0x0000000085200000|  0%| F|  |TAMS 0x0000000085100000, 0x0000000085100000| Untracked 
|  12|0x0000000085200000, 0x0000000085200000, 0x0000000085300000|  0%| F|  |TAMS 0x0000000085200000, 0x0000000085200000| Untracked 
|  13|0x0000000085300000, 0x0000000085300000, 0x0000000085400000|  0%| F|  |TAMS 0x0000000085300000, 0x0000000085300000| Untracked 
|  14|0x0000000085400000, 0x0000000085400000, 0x0000000085500000|  0%| F|  |TAMS 0x0000000085400000, 0x0000000085400000| Untracked 
|  15|0x0000000085500000, 0x0000000085500000, 0x0000000085600000|  0%| F|  |TAMS 0x0000000085500000, 0x0000000085500000| Untracked 
|  16|0x0000000085600000, 0x0000000085600000, 0x0000000085700000|  0%| F|  |TAMS 0x0000000085600000, 0x0000000085600000| Untracked 
|  17|0x0000000085700000, 0x0000000085700000, 0x0000000085800000|  0%| F|  |TAMS 0x0000000085700000, 0x0000000085700000| Untracked 
|  18|0x0000000085800000, 0x0000000085800000, 0x0000000085900000|  0%| F|  |TAMS 0x0000000085800000, 0x0000000085800000| Untracked 
|  19|0x0000000085900000, 0x0000000085900000, 0x0000000085a00000|  0%| F|  |TAMS 0x0000000085900000, 0x0000000085900000| Untracked 
|  20|0x0000000085a00000, 0x0000000085a00000, 0x0000000085b00000|  0%| F|  |TAMS 0x0000000085a00000, 0x0000000085a00000| Untracked 
|  21|0x0000000085b00000, 0x0000000085b00000, 0x0000000085c00000|  0%| F|  |TAMS 0x0000000085b00000, 0x0000000085b00000| Untracked 
|  22|0x0000000085c00000, 0x0000000085c00000, 0x0000000085d00000|  0%| F|  |TAMS 0x0000000085c00000, 0x0000000085c00000| Untracked 
|  23|0x0000000085d00000, 0x0000000085d00000, 0x0000000085e00000|  0%| F|  |TAMS 0x0000000085d00000, 0x0000000085d00000| Untracked 
|  24|0x0000000085e00000, 0x0000000085e00000, 0x0000000085f00000|  0%| F|  |TAMS 0x0000000085e00000, 0x0000000085e00000| Untracked 
|  25|0x0000000085f00000, 0x0000000085f00000, 0x0000000086000000|  0%| F|  |TAMS 0x0000000085f00000, 0x0000000085f00000| Untracked 
|  26|0x0000000086000000, 0x0000000086000000, 0x0000000086100000|  0%| F|  |TAMS 0x0000000086000000, 0x0000000086000000| Untracked 
|  27|0x0000000086100000, 0x0000000086100000, 0x0000000086200000|  0%| F|  |TAMS 0x0000000086100000, 0x0000000086100000| Untracked 
|  28|0x0000000086200000, 0x0000000086200000, 0x0000000086300000|  0%| F|  |TAMS 0x0000000086200000, 0x0000000086200000| Untracked 
|  29|0x0000000086300000, 0x0000000086300000, 0x0000000086400000|  0%| F|  |TAMS 0x0000000086300000, 0x0000000086300000| Untracked 
|  30|0x0000000086400000, 0x0000000086400000, 0x0000000086500000|  0%| F|  |TAMS 0x0000000086400000, 0x0000000086400000| Untracked 
|  31|0x0000000086500000, 0x0000000086500000, 0x0000000086600000|  0%| F|  |TAMS 0x0000000086500000, 0x0000000086500000| Untracked 
|  32|0x0000000086600000, 0x0000000086600000, 0x0000000086700000|  0%| F|  |TAMS 0x0000000086600000, 0x0000000086600000| Untracked 
|  33|0x0000000086700000, 0x0000000086700000, 0x0000000086800000|  0%| F|  |TAMS 0x0000000086700000, 0x0000000086700000| Untracked 
|  34|0x0000000086800000, 0x0000000086800000, 0x0000000086900000|  0%| F|  |TAMS 0x0000000086800000, 0x0000000086800000| Untracked 
|  35|0x0000000086900000, 0x0000000086900000, 0x0000000086a00000|  0%| F|  |TAMS 0x0000000086900000, 0x0000000086900000| Untracked 
|  36|0x0000000086a00000, 0x0000000086a00000, 0x0000000086b00000|  0%| F|  |TAMS 0x0000000086a00000, 0x0000000086a00000| Untracked 
|  37|0x0000000086b00000, 0x0000000086b00000, 0x0000000086c00000|  0%| F|  |TAMS 0x0000000086b00000, 0x0000000086b00000| Untracked 
|  38|0x0000000086c00000, 0x0000000086c00000, 0x0000000086d00000|  0%| F|  |TAMS 0x0000000086c00000, 0x0000000086c00000| Untracked 
|  39|0x0000000086d00000, 0x0000000086d00000, 0x0000000086e00000|  0%| F|  |TAMS 0x0000000086d00000, 0x0000000086d00000| Untracked 
|  40|0x0000000086e00000, 0x0000000086e00000, 0x0000000086f00000|  0%| F|  |TAMS 0x0000000086e00000, 0x0000000086e00000| Untracked 
|  41|0x0000000086f00000, 0x0000000086f00000, 0x0000000087000000|  0%| F|  |TAMS 0x0000000086f00000, 0x0000000086f00000| Untracked 
|  42|0x0000000087000000, 0x0000000087000000, 0x0000000087100000|  0%| F|  |TAMS 0x0000000087000000, 0x0000000087000000| Untracked 
|  43|0x0000000087100000, 0x0000000087100000, 0x0000000087200000|  0%| F|  |TAMS 0x0000000087100000, 0x0000000087100000| Untracked 
|  44|0x0000000087200000, 0x0000000087200000, 0x0000000087300000|  0%| F|  |TAMS 0x0000000087200000, 0x0000000087200000| Untracked 
|  45|0x0000000087300000, 0x0000000087300000, 0x0000000087400000|  0%| F|  |TAMS 0x0000000087300000, 0x0000000087300000| Untracked 
|  46|0x0000000087400000, 0x0000000087400000, 0x0000000087500000|  0%| F|  |TAMS 0x0000000087400000, 0x0000000087400000| Untracked 
|  47|0x0000000087500000, 0x0000000087500000, 0x0000000087600000|  0%| F|  |TAMS 0x0000000087500000, 0x0000000087500000| Untracked 
|  48|0x0000000087600000, 0x0000000087600000, 0x0000000087700000|  0%| F|  |TAMS 0x0000000087600000, 0x0000000087600000| Untracked 
|  49|0x0000000087700000, 0x0000000087700000, 0x0000000087800000|  0%| F|  |TAMS 0x0000000087700000, 0x0000000087700000| Untracked 
|  50|0x0000000087800000, 0x0000000087800000, 0x0000000087900000|  0%| F|  |TAMS 0x0000000087800000, 0x0000000087800000| Untracked 
|  51|0x0000000087900000, 0x0000000087900000, 0x0000000087a00000